<?xml version="1.0" encoding="UTF-8"?>
<!-- Generated by org.testng.reporters.JUnitReportReporter -->
<testsuite hostname="Armstrong" failures="0" tests="1" name="test.TC001_loginTest" time="2.951" errors="0" timestamp="2024-07-29T14:24:51 IST" skipped="0">
  <testcase classname="test.TC001_loginTest" name="validLoginTest" time="2.951"/>
</testsuite> <!-- test.TC001_loginTest -->
