<?xml version="1.0" encoding="UTF-8"?>
<!-- Generated by org.testng.reporters.JUnitReportReporter -->
<testsuite hostname="Armstrong" failures="0" tests="1" name="test.TC002_Signup" time="4.364" errors="0" timestamp="2024-07-29T14:24:51 IST" skipped="0">
  <testcase classname="test.TC002_Signup" name="validSignupTest" time="4.364"/>
</testsuite> <!-- test.TC002_Signup -->
